<?xml version="1.0" encoding="UTF-8"?>
<testsuites name="Facebook - Register By Email" time="21" tests="1" failures="0" errors="0">
   <testsuite name="Facebook - Register By Email" tests="1" failures="0" errors="0" time="21" timestamp="2018-12-10 00:34:01" hostname="ADMIN - DESKTOP-H2TL9NJ" id="Test Suites/Facebook - Register By Email">
      <properties>
         <property name="deviceName" value=""/>
         <property name="devicePlatform" value=""/>
         <property name="logFolder" value="C:\\Users\\ADMIN\\git\\katalon\\Reports\\Facebook - Register By Email\\20181210_003357"/>
         <property name="logFiles" value="C:\\Users\\ADMIN\\git\\katalon\\Reports\\Facebook - Register By Email\\20181210_003357\\execution0.log"/>
         <property name="attachments" value=""/>
         <property name="hostName" value="ADMIN - DESKTOP-H2TL9NJ"/>
         <property name="os" value="Windows 10 64bit"/>
         <property name="katalonVersion" value="5.9.1.2"/>
         <property name="browser" value="Chrome 70.0.3538.110"/>
         <property name="hostAddress" value="192.168.100.21"/>
         <property name="sessionId" value="730cf8a696e947f36959a228ebee5bd5"/>
         <property name="seleniumVersion" value="3.7.1"/>
         <property name="proxyInformation" value="ProxyInformation{proxyOption=NO_PROXY, proxyServerType=HTTP, password=, proxyServerAddress=, proxyServerPort=0}"/>
         <property name="platform" value="Windows 10"/>
      </properties>
      <testcase name="Test Cases/Register Facebook by Email" classname="Test Cases/Register Facebook by Email" status="PASSED">
         <system-out><![CDATA[2018-12-10 00:34:02 - [TEST_CASE][PASSED] - Test Cases/Register Facebook by Email: Test Cases/Register Facebook by Email

2018-12-10 00:34:03 - [TEST_STEP][PASSED] - openBrowser(""): Browser is opened with url: ''

2018-12-10 00:34:04 - [MESSAGE][INFO] - Starting 'Chrome' driver

2018-12-10 00:34:04 - [MESSAGE][INFO] - Action delay is set to 0 seconds

2018-12-10 00:34:08 - [MESSAGE][PASSED] - Browser is opened with url: ''

2018-12-10 00:34:08 - [TEST_STEP][PASSED] - navigateToUrl("https://www.facebook.com"): Navigate to 'https://www.facebook.com' successfully

2018-12-10 00:34:13 - [MESSAGE][PASSED] - Navigate to 'https://www.facebook.com' successfully

2018-12-10 00:34:13 - [TEST_STEP][PASSED] - setText(findTestObject("txt_nama_dpn"), firstname): Text 'SITI' is set on object 'Object Repository/txt_nama_dpn'

2018-12-10 00:34:14 - [MESSAGE][PASSED] - Text 'SITI' is set on object 'Object Repository/txt_nama_dpn'

2018-12-10 00:34:14 - [TEST_STEP][PASSED] - setText(findTestObject("txt_nama_blk"), lastname): Text 'Soemarsono' is set on object 'Object Repository/txt_nama_blk'

2018-12-10 00:34:15 - [MESSAGE][PASSED] - Text 'Soemarsono' is set on object 'Object Repository/txt_nama_blk'

2018-12-10 00:34:15 - [TEST_STEP][PASSED] - setText(findTestObject("txt_email_no_telp"), email): Text 'soemarsono990001@gmail.com' is set on object 'Object Repository/txt_email_no_telp'

2018-12-10 00:34:15 - [MESSAGE][PASSED] - Text 'soemarsono990001@gmail.com' is set on object 'Object Repository/txt_email_no_telp'

2018-12-10 00:34:15 - [TEST_STEP][PASSED] - delay(3): Delayed 3 second(s)

2018-12-10 00:34:18 - [MESSAGE][PASSED] - Delayed 3 second(s)

2018-12-10 00:34:18 - [TEST_STEP][PASSED] - setText(findTestObject("txt_email_val"), email): Text 'soemarsono990001@gmail.com' is set on object 'Object Repository/txt_email_val'

2018-12-10 00:34:19 - [MESSAGE][PASSED] - Text 'soemarsono990001@gmail.com' is set on object 'Object Repository/txt_email_val'

2018-12-10 00:34:19 - [TEST_STEP][PASSED] - setMaskedText(findTestObject("txt_password"), password): Text '********' is set on object 'Object Repository/txt_password'

2018-12-10 00:34:19 - [MESSAGE][PASSED] - Text '********' is set on object 'Object Repository/txt_password'

2018-12-10 00:34:19 - [TEST_STEP][PASSED] - selectOptionByValue(findTestObject("slt_day"), day, false): All options with value '23' are selected in object 'Object Repository/slt_day' 

2018-12-10 00:34:20 - [MESSAGE][PASSED] - All options with value '23' are selected in object 'Object Repository/slt_day' 

2018-12-10 00:34:20 - [TEST_STEP][PASSED] - selectOptionByValue(findTestObject("slt_month"), month, false): All options with value '6' are selected in object 'Object Repository/slt_month' 

2018-12-10 00:34:20 - [MESSAGE][PASSED] - All options with value '6' are selected in object 'Object Repository/slt_month' 

2018-12-10 00:34:20 - [TEST_STEP][PASSED] - selectOptionByValue(findTestObject("slt_year"), year, false): All options with value '1990' are selected in object 'Object Repository/slt_year' 

2018-12-10 00:34:20 - [MESSAGE][PASSED] - All options with value '1990' are selected in object 'Object Repository/slt_year' 

2018-12-10 00:34:20 - [TEST_STEP][PASSED] - if (gender.toLowerCase() == "l"): null

2018-12-10 00:34:20 - [TEST_STEP][PASSED] - else if (gender.toLowerCase() == "p"): Object: 'Object Repository/chk_female' is clicked on

2018-12-10 00:34:20 - [TEST_STEP][PASSED] - click(findTestObject("chk_female")): Object: 'Object Repository/chk_female' is clicked on

2018-12-10 00:34:20 - [MESSAGE][PASSED] - Object: 'Object Repository/chk_female' is clicked on

2018-12-10 00:34:20 - [TEST_STEP][PASSED] - click(findTestObject("btn-register")): Object: 'Object Repository/btn-register' is clicked on

2018-12-10 00:34:21 - [MESSAGE][PASSED] - Object: 'Object Repository/btn-register' is clicked on

2018-12-10 00:34:21 - [TEST_STEP][PASSED] - verifyElementPresent(findTestObject("Home/homePage"), 0): Object 'Object Repository/Home/homePage' is present

2018-12-10 00:34:21 - [MESSAGE][WARNING] - Timeout '0' is invalid. Using default page load timeout: '30'

2018-12-10 00:34:21 - [MESSAGE][PASSED] - Object 'Object Repository/Home/homePage' is present

2018-12-10 00:34:21 - [TEST_STEP][PASSED] - closeBrowser(): Browser is closed

2018-12-10 00:34:22 - [MESSAGE][PASSED] - Browser is closed]]></system-out>
         <system-err><![CDATA[]]></system-err>
      </testcase>
      <system-out><![CDATA[2018-12-10 00:34:01 - [TEST_SUITE][PASSED] - Facebook - Register By Email: Test Cases/Register Facebook by Email]]></system-out>
      <system-err><![CDATA[]]></system-err>
   </testsuite>
</testsuites>
