<?xml version="1.0" encoding="UTF-8"?>
<testsuites name="Facebook - Register By Email" time="22" tests="1" failures="0" errors="0">
   <testsuite name="Facebook - Register By Email" tests="1" failures="0" errors="0" time="22" timestamp="2018-12-10 00:29:12" hostname="ADMIN - DESKTOP-H2TL9NJ" id="Test Suites/Facebook - Register By Email">
      <properties>
         <property name="deviceName" value=""/>
         <property name="devicePlatform" value=""/>
         <property name="logFolder" value="C:\\Users\\ADMIN\\git\\katalon\\Reports\\Facebook - Register By Email\\20181210_002907"/>
         <property name="logFiles" value="C:\\Users\\ADMIN\\git\\katalon\\Reports\\Facebook - Register By Email\\20181210_002907\\execution0.log"/>
         <property name="attachments" value=""/>
         <property name="hostName" value="ADMIN - DESKTOP-H2TL9NJ"/>
         <property name="os" value="Windows 10 64bit"/>
         <property name="katalonVersion" value="5.9.1.2"/>
         <property name="browser" value="Chrome 70.0.3538.110"/>
         <property name="hostAddress" value="192.168.100.21"/>
         <property name="sessionId" value="ba36efc42717799cd93e8057fba750c5"/>
         <property name="seleniumVersion" value="3.7.1"/>
         <property name="proxyInformation" value="ProxyInformation{proxyOption=NO_PROXY, proxyServerType=HTTP, password=, proxyServerAddress=, proxyServerPort=0}"/>
         <property name="platform" value="Windows 10"/>
      </properties>
      <testcase name="Test Cases/Register Facebook by Email" classname="Test Cases/Register Facebook by Email" status="PASSED">
         <system-out><![CDATA[2018-12-10 00:29:13 - [TEST_CASE][PASSED] - Test Cases/Register Facebook by Email: Test Cases/Register Facebook by Email

2018-12-10 00:29:14 - [TEST_STEP][PASSED] - openBrowser(""): Browser is opened with url: ''

2018-12-10 00:29:15 - [MESSAGE][INFO] - Starting 'Chrome' driver

2018-12-10 00:29:15 - [MESSAGE][INFO] - Action delay is set to 0 seconds

2018-12-10 00:29:20 - [MESSAGE][PASSED] - Browser is opened with url: ''

2018-12-10 00:29:20 - [TEST_STEP][PASSED] - navigateToUrl("https://www.facebook.com"): Navigate to 'https://www.facebook.com' successfully

2018-12-10 00:29:26 - [MESSAGE][PASSED] - Navigate to 'https://www.facebook.com' successfully

2018-12-10 00:29:26 - [TEST_STEP][PASSED] - setText(findTestObject("txt_nama_dpn"), firstname): Text 'Budi' is set on object 'Object Repository/txt_nama_dpn'

2018-12-10 00:29:26 - [MESSAGE][PASSED] - Text 'Budi' is set on object 'Object Repository/txt_nama_dpn'

2018-12-10 00:29:26 - [TEST_STEP][PASSED] - setText(findTestObject("txt_nama_blk"), lastname): Text 'Soemarsono' is set on object 'Object Repository/txt_nama_blk'

2018-12-10 00:29:27 - [MESSAGE][PASSED] - Text 'Soemarsono' is set on object 'Object Repository/txt_nama_blk'

2018-12-10 00:29:27 - [TEST_STEP][PASSED] - setText(findTestObject("txt_email_no_telp"), email): Text 'soemarsono00000001@gmail.com' is set on object 'Object Repository/txt_email_no_telp'

2018-12-10 00:29:28 - [MESSAGE][PASSED] - Text 'soemarsono00000001@gmail.com' is set on object 'Object Repository/txt_email_no_telp'

2018-12-10 00:29:28 - [TEST_STEP][PASSED] - delay(3): Delayed 3 second(s)

2018-12-10 00:29:31 - [MESSAGE][PASSED] - Delayed 3 second(s)

2018-12-10 00:29:31 - [TEST_STEP][PASSED] - setText(findTestObject("txt_email_val"), email): Text 'soemarsono00000001@gmail.com' is set on object 'Object Repository/txt_email_val'

2018-12-10 00:29:31 - [MESSAGE][PASSED] - Text 'soemarsono00000001@gmail.com' is set on object 'Object Repository/txt_email_val'

2018-12-10 00:29:31 - [TEST_STEP][PASSED] - setMaskedText(findTestObject("txt_password"), password): Text '********' is set on object 'Object Repository/txt_password'

2018-12-10 00:29:32 - [MESSAGE][PASSED] - Text '********' is set on object 'Object Repository/txt_password'

2018-12-10 00:29:32 - [TEST_STEP][PASSED] - selectOptionByValue(findTestObject("slt_day"), day, false): All options with value '23' are selected in object 'Object Repository/slt_day' 

2018-12-10 00:29:32 - [MESSAGE][PASSED] - All options with value '23' are selected in object 'Object Repository/slt_day' 

2018-12-10 00:29:32 - [TEST_STEP][PASSED] - selectOptionByValue(findTestObject("slt_month"), month, false): All options with value '6' are selected in object 'Object Repository/slt_month' 

2018-12-10 00:29:32 - [MESSAGE][PASSED] - All options with value '6' are selected in object 'Object Repository/slt_month' 

2018-12-10 00:29:32 - [TEST_STEP][PASSED] - selectOptionByValue(findTestObject("slt_year"), year, false): All options with value '1992' are selected in object 'Object Repository/slt_year' 

2018-12-10 00:29:33 - [MESSAGE][PASSED] - All options with value '1992' are selected in object 'Object Repository/slt_year' 

2018-12-10 00:29:33 - [TEST_STEP][PASSED] - if (gender.toLowerCase() == "l"): Object: 'Object Repository/chk_male' is clicked on

2018-12-10 00:29:33 - [TEST_STEP][PASSED] - click(findTestObject("chk_male")): Object: 'Object Repository/chk_male' is clicked on

2018-12-10 00:29:33 - [MESSAGE][PASSED] - Object: 'Object Repository/chk_male' is clicked on

2018-12-10 00:29:33 - [TEST_STEP][PASSED] - click(findTestObject("btn-register")): Object: 'Object Repository/btn-register' is clicked on

2018-12-10 00:29:33 - [MESSAGE][PASSED] - Object: 'Object Repository/btn-register' is clicked on

2018-12-10 00:29:33 - [TEST_STEP][PASSED] - verifyElementPresent(findTestObject("Home/homePage"), 0): Object 'Object Repository/Home/homePage' is present

2018-12-10 00:29:33 - [MESSAGE][WARNING] - Timeout '0' is invalid. Using default page load timeout: '30'

2018-12-10 00:29:33 - [MESSAGE][PASSED] - Object 'Object Repository/Home/homePage' is present]]></system-out>
         <system-err><![CDATA[]]></system-err>
      </testcase>
      <system-out><![CDATA[2018-12-10 00:29:12 - [TEST_SUITE][PASSED] - Facebook - Register By Email: Test Cases/Register Facebook by Email]]></system-out>
      <system-err><![CDATA[]]></system-err>
   </testsuite>
</testsuites>
