<?xml version="1.0" encoding="UTF-8"?>
<testsuites name="Facebook - Register by Phone number" time="19" tests="1" failures="0" errors="0">
   <testsuite name="Facebook - Register by Phone number" tests="1" failures="0" errors="0" time="19" timestamp="2018-12-10 00:30:39" hostname="ADMIN - DESKTOP-H2TL9NJ" id="Test Suites/Facebook - Register by Phone number">
      <properties>
         <property name="deviceName" value=""/>
         <property name="devicePlatform" value=""/>
         <property name="logFolder" value="C:\\Users\\ADMIN\\git\\katalon\\Reports\\Facebook - Register by Phone number\\20181210_003035"/>
         <property name="logFiles" value="C:\\Users\\ADMIN\\git\\katalon\\Reports\\Facebook - Register by Phone number\\20181210_003035\\execution0.log"/>
         <property name="attachments" value=""/>
         <property name="hostName" value="ADMIN - DESKTOP-H2TL9NJ"/>
         <property name="os" value="Windows 10 64bit"/>
         <property name="katalonVersion" value="5.9.1.2"/>
         <property name="browser" value="Chrome 70.0.3538.110"/>
         <property name="hostAddress" value="192.168.100.21"/>
         <property name="sessionId" value="dd391677dad47917fa04052faff26c6d"/>
         <property name="seleniumVersion" value="3.7.1"/>
         <property name="proxyInformation" value="ProxyInformation{proxyOption=NO_PROXY, proxyServerType=HTTP, password=, proxyServerAddress=, proxyServerPort=0}"/>
         <property name="platform" value="Windows 10"/>
      </properties>
      <testcase name="Test Cases/Register Facebook by Phone Number" classname="Test Cases/Register Facebook by Phone Number" status="PASSED">
         <system-out><![CDATA[2018-12-10 00:30:40 - [TEST_CASE][PASSED] - Test Cases/Register Facebook by Phone Number: Test Cases/Register Facebook by Phone Number

2018-12-10 00:30:42 - [TEST_STEP][PASSED] - openBrowser(""): Browser is opened with url: ''

2018-12-10 00:30:43 - [MESSAGE][INFO] - Starting 'Chrome' driver

2018-12-10 00:30:43 - [MESSAGE][INFO] - Action delay is set to 0 seconds

2018-12-10 00:30:47 - [MESSAGE][PASSED] - Browser is opened with url: ''

2018-12-10 00:30:47 - [TEST_STEP][PASSED] - navigateToUrl("https://www.facebook.com"): Navigate to 'https://www.facebook.com' successfully

2018-12-10 00:30:50 - [MESSAGE][PASSED] - Navigate to 'https://www.facebook.com' successfully

2018-12-10 00:30:50 - [TEST_STEP][PASSED] - setText(findTestObject("txt_nama_dpn"), firstname): Text 'Budi' is set on object 'Object Repository/txt_nama_dpn'

2018-12-10 00:30:51 - [MESSAGE][PASSED] - Text 'Budi' is set on object 'Object Repository/txt_nama_dpn'

2018-12-10 00:30:51 - [TEST_STEP][PASSED] - setText(findTestObject("txt_nama_blk"), lastname): Text 'Soemarsono' is set on object 'Object Repository/txt_nama_blk'

2018-12-10 00:30:52 - [MESSAGE][PASSED] - Text 'Soemarsono' is set on object 'Object Repository/txt_nama_blk'

2018-12-10 00:30:52 - [TEST_STEP][PASSED] - setText(findTestObject("txt_email_no_telp"), email): Text '08999999312' is set on object 'Object Repository/txt_email_no_telp'

2018-12-10 00:30:52 - [MESSAGE][PASSED] - Text '08999999312' is set on object 'Object Repository/txt_email_no_telp'

2018-12-10 00:30:52 - [TEST_STEP][PASSED] - delay(3): Delayed 3 second(s)

2018-12-10 00:30:56 - [MESSAGE][PASSED] - Delayed 3 second(s)

2018-12-10 00:30:56 - [TEST_STEP][PASSED] - setMaskedText(findTestObject("txt_password"), password): Text '********' is set on object 'Object Repository/txt_password'

2018-12-10 00:30:56 - [MESSAGE][PASSED] - Text '********' is set on object 'Object Repository/txt_password'

2018-12-10 00:30:56 - [TEST_STEP][PASSED] - selectOptionByValue(findTestObject("slt_day"), day, false): All options with value '23' are selected in object 'Object Repository/slt_day' 

2018-12-10 00:30:56 - [MESSAGE][PASSED] - All options with value '23' are selected in object 'Object Repository/slt_day' 

2018-12-10 00:30:56 - [TEST_STEP][PASSED] - selectOptionByValue(findTestObject("slt_month"), month, false): All options with value '6' are selected in object 'Object Repository/slt_month' 

2018-12-10 00:30:57 - [MESSAGE][PASSED] - All options with value '6' are selected in object 'Object Repository/slt_month' 

2018-12-10 00:30:57 - [TEST_STEP][PASSED] - selectOptionByValue(findTestObject("slt_year"), year, false): All options with value '1992' are selected in object 'Object Repository/slt_year' 

2018-12-10 00:30:57 - [MESSAGE][PASSED] - All options with value '1992' are selected in object 'Object Repository/slt_year' 

2018-12-10 00:30:57 - [TEST_STEP][PASSED] - if (gender.toLowerCase() == "l"): Object: 'Object Repository/chk_male' is clicked on

2018-12-10 00:30:57 - [TEST_STEP][PASSED] - click(findTestObject("chk_male")): Object: 'Object Repository/chk_male' is clicked on

2018-12-10 00:30:57 - [MESSAGE][PASSED] - Object: 'Object Repository/chk_male' is clicked on

2018-12-10 00:30:57 - [TEST_STEP][PASSED] - click(findTestObject("btn-register")): Object: 'Object Repository/btn-register' is clicked on

2018-12-10 00:30:57 - [MESSAGE][PASSED] - Object: 'Object Repository/btn-register' is clicked on

2018-12-10 00:30:57 - [TEST_STEP][PASSED] - verifyElementPresent(findTestObject("Home/homePage"), 0): Object 'Object Repository/Home/homePage' is present

2018-12-10 00:30:57 - [MESSAGE][WARNING] - Timeout '0' is invalid. Using default page load timeout: '30'

2018-12-10 00:30:57 - [MESSAGE][PASSED] - Object 'Object Repository/Home/homePage' is present]]></system-out>
         <system-err><![CDATA[]]></system-err>
      </testcase>
      <system-out><![CDATA[2018-12-10 00:30:39 - [TEST_SUITE][PASSED] - Facebook - Register by Phone number: Test Cases/Register Facebook by Phone Number]]></system-out>
      <system-err><![CDATA[]]></system-err>
   </testsuite>
</testsuites>
